
test.cpp:22: error: Failure in TEST(FirstTestGroup, SecondTest)
	Fail me2!

.
test.cpp:17: error: Failure in TEST(FirstTestGroup, FirstTest)
	Fail me!

.
Errors (2 failures, 2 tests, 2 ran, 2 checks, 0 ignored, 0 filtered out, 1 ms)

