TN:
SF:/d/NTI/Avelabs/testing/CanIf/test05/CanIf.c
FN:100,CanIf_Arc_FindHrhChannel
FN:131,CanIf_Init
FN:156,CanIf_InitController
FN:206,CanIf_PreInit_InitController
FN:226,CanIf_SetControllerMode
FN:327,CanIf_GetControllerMode
FN:351,CanIf_FindTxPduEntry
FN:428,CanIf_Transmit
FN:549,CanIf_SetPduMode
FN:637,CanIf_GetPduMode
FN:747,CanIf_TxConfirmation
FN:768,CanIf_RxIndication
FN:921,CanIf_ControllerBusOff
FN:947,CanIf_SetWakeupEvent
FN:967,CanIf_Arc_Error
FN:995,CanIf_Arc_GetChannelDefaultConfIndex
FNDA:0,CanIf_Arc_FindHrhChannel
FNDA:1,CanIf_Init
FNDA:0,CanIf_InitController
FNDA:1,CanIf_PreInit_InitController
FNDA:1,CanIf_SetControllerMode
FNDA:0,CanIf_GetControllerMode
FNDA:0,CanIf_FindTxPduEntry
FNDA:0,CanIf_Transmit
FNDA:1,CanIf_SetPduMode
FNDA:0,CanIf_GetPduMode
FNDA:0,CanIf_TxConfirmation
FNDA:0,CanIf_RxIndication
FNDA:1,CanIf_ControllerBusOff
FNDA:0,CanIf_SetWakeupEvent
FNDA:0,CanIf_Arc_Error
FNDA:0,CanIf_Arc_GetChannelDefaultConfIndex
FNF:16
FNH:5
DA:100,0
DA:106,0
DA:107,0
DA:110,0
DA:112,0
DA:113,0
DA:116,0
DA:117,0
DA:118,0
DA:120,0
DA:121,0
DA:125,0
DA:131,1
DA:135,1
DA:137,2
DA:139,1
DA:140,1
DA:141,1
DA:145,1
DA:146,1
DA:156,0
DA:159,0
DA:160,0
DA:166,0
DA:168,0
DA:170,0
DA:172,0
DA:190,0
DA:195,0
DA:200,0
DA:203,0
DA:204,0
DA:206,1
DA:208,1
DA:214,1
DA:217,1
DA:221,1
DA:222,1
DA:226,1
DA:230,1
DA:233,1
DA:238,1
DA:239,1
DA:242,0
DA:245,1
DA:248,0
DA:250,1
DA:251,1
DA:255,0
DA:258,0
DA:259,0
DA:261,0
DA:262,0
DA:265,0
DA:268,0
DA:269,0
DA:270,0
DA:272,0
DA:274,0
DA:278,0
DA:280,0
DA:281,0
DA:283,0
DA:284,0
DA:287,0
DA:290,0
DA:291,0
DA:293,0
DA:298,1
DA:301,0
DA:302,0
DA:304,0
DA:307,1
DA:310,1
DA:311,1
DA:312,0
DA:314,1
DA:315,1
DA:320,0
DA:322,1
DA:327,0
DA:331,0
DA:337,0
DA:339,0
DA:351,0
DA:354,0
DA:355,0
DA:357,0
DA:428,0
DA:440,0
DA:442,0
DA:445,0
DA:448,0
DA:451,0
DA:452,0
DA:455,0
DA:456,0
DA:460,0
DA:461,0
DA:464,0
DA:465,0
DA:468,0
DA:470,0
DA:471,0
DA:472,0
DA:474,0
DA:476,0
DA:477,0
DA:480,0
DA:483,0
DA:486,0
DA:549,1
DA:553,1
DA:558,1
DA:560,1
DA:563,1
DA:564,1
DA:566,0
DA:567,0
DA:568,0
DA:569,0
DA:570,0
DA:571,0
DA:575,0
DA:577,0
DA:578,0
DA:579,0
DA:580,0
DA:581,0
DA:582,0
DA:586,0
DA:588,0
DA:589,0
DA:590,0
DA:591,0
DA:592,0
DA:593,0
DA:594,0
DA:595,0
DA:599,0
DA:601,0
DA:602,0
DA:603,0
DA:604,0
DA:605,0
DA:606,0
DA:607,0
DA:608,0
DA:612,0
DA:614,0
DA:615,0
DA:618,0
DA:619,0
DA:620,0
DA:621,0
DA:622,0
DA:623,0
DA:624,0
DA:625,0
DA:629,0
DA:632,1
DA:637,0
DA:641,0
DA:646,0
DA:648,0
DA:747,0
DA:752,0
DA:753,0
DA:755,0
DA:758,0
DA:759,0
DA:760,0
DA:762,0
DA:765,0
DA:768,0
DA:774,0
DA:775,0
DA:781,0
DA:783,0
DA:784,0
DA:787,0
DA:792,0
DA:795,0
DA:798,0
DA:800,0
DA:803,0
DA:805,0
DA:807,0
DA:809,0
DA:810,0
DA:816,0
DA:817,0
DA:823,0
DA:836,0
DA:840,0
DA:841,0
DA:842,0
DA:847,0
DA:855,0
DA:868,0
DA:881,0
DA:893,0
DA:897,0
DA:921,1
DA:923,1
DA:927,2
DA:929,1
DA:931,1
DA:939,1
DA:941,1
DA:943,1
DA:945,1
DA:947,0
DA:949,0
DA:953,0
DA:955,0
DA:957,0
DA:965,0
DA:967,0
DA:969,0
DA:973,0
DA:975,0
DA:977,0
DA:983,0
DA:985,0
DA:989,0
DA:991,0
DA:993,0
DA:995,0
DA:997,0
LF:230
LH:45
end_of_record
TN:
SF:/d/NTI/Avelabs/OpenSAR/boot/config/CanIf_Cfg.c
FN:53,TestBusOffNotification
FNDA:1,TestBusOffNotification
FNF:1
FNH:1
DA:53,1
DA:55,1
DA:56,1
LF:3
LH:3
end_of_record
TN:
SF:/d/NTI/Avelabs/testing/CanIf/test05/main.c
FN:7,main
FNDA:1,main
FNF:1
FNH:1
DA:7,1
DA:8,1
DA:10,1
DA:11,1
DA:13,1
LF:5
LH:5
end_of_record
TN:
SF:/d/NTI/Avelabs/testing/CanIf/test05/stubs.c
FN:11,Can_Init
FN:14,Can_DeInit
FN:18,Can_InitController
FN:21,Can_SetControllerMode
FN:24,Can_DisableControllerInterrupts
FN:27,Can_EnableControllerInterrupts
FN:31,Can_Write
FN:35,Can_Cbk_CheckWakeup
FN:38,Can_MainFunction_Write
FN:41,Can_MainFunction_Read
FN:44,Can_MainFunction_BusOff
FN:47,Can_MainFunction_Error
FN:50,Can_MainFunction_Wakeup
FN:54,Can_Arc_GetStatistics
FN:58,CanTp_TxConfirmation
FNDA:0,Can_Init
FNDA:0,Can_DeInit
FNDA:1,Can_InitController
FNDA:1,Can_SetControllerMode
FNDA:0,Can_DisableControllerInterrupts
FNDA:0,Can_EnableControllerInterrupts
FNDA:0,Can_Write
FNDA:0,Can_Cbk_CheckWakeup
FNDA:0,Can_MainFunction_Write
FNDA:0,Can_MainFunction_Read
FNDA:0,Can_MainFunction_BusOff
FNDA:0,Can_MainFunction_Error
FNDA:0,Can_MainFunction_Wakeup
FNDA:0,Can_Arc_GetStatistics
FNDA:0,CanTp_TxConfirmation
FNF:15
FNH:2
DA:11,0
DA:13,0
DA:14,0
DA:16,0
DA:18,1
DA:20,1
DA:21,1
DA:22,1
DA:24,0
DA:26,0
DA:27,0
DA:29,0
DA:31,0
DA:32,0
DA:35,0
DA:37,0
DA:38,0
DA:40,0
DA:41,0
DA:43,0
DA:44,0
DA:46,0
DA:47,0
DA:49,0
DA:50,0
DA:52,0
DA:54,0
DA:56,0
DA:58,0
DA:61,0
LF:30
LH:4
end_of_record
